c:\users\ivan\documents\courses\cs500\backup\ivan\cs500-project4\cs500-project4\release\vc141.pdb
c:\users\ivan\documents\courses\cs500\backup\ivan\cs500-project4\cs500-project4\release\triangle.obj
c:\users\ivan\documents\courses\cs500\backup\ivan\cs500-project4\cs500-project4\release\sphere.obj
c:\users\ivan\documents\courses\cs500\backup\ivan\cs500-project4\cs500-project4\release\tracer.obj
c:\users\ivan\documents\courses\cs500\backup\ivan\cs500-project4\cs500-project4\release\shape.obj
c:\users\ivan\documents\courses\cs500\backup\ivan\cs500-project4\cs500-project4\release\slab.obj
c:\users\ivan\documents\courses\cs500\backup\ivan\cs500-project4\cs500-project4\release\rgbe.obj
c:\users\ivan\documents\courses\cs500\backup\ivan\cs500-project4\cs500-project4\release\readassimpfile.obj
c:\users\ivan\documents\courses\cs500\backup\ivan\cs500-project4\cs500-project4\release\raytrace.obj
c:\users\ivan\documents\courses\cs500\backup\ivan\cs500-project4\cs500-project4\release\ray.obj
c:\users\ivan\documents\courses\cs500\backup\ivan\cs500-project4\cs500-project4\release\minimizer.obj
c:\users\ivan\documents\courses\cs500\backup\ivan\cs500-project4\cs500-project4\release\geom.obj
c:\users\ivan\documents\courses\cs500\backup\ivan\cs500-project4\cs500-project4\release\main.obj
c:\users\ivan\documents\courses\cs500\backup\ivan\cs500-project4\cs500-project4\release\intersection.obj
c:\users\ivan\documents\courses\cs500\backup\ivan\cs500-project4\cs500-project4\release\cylinder.obj
c:\users\ivan\documents\courses\cs500\backup\ivan\cs500-project4\cs500-project4\release\box.obj
c:\users\ivan\documents\courses\cs500\backup\ivan\cs500-project4\cs500-project4\release\camera.obj
c:\users\ivan\documents\courses\cs500\backup\ivan\cs500-project4\cs500-project4\release\raytrace.ipdb
c:\users\ivan\documents\courses\cs500\backup\ivan\cs500-project4\cs500-project4\release\raytrace.iobj
c:\users\ivan\documents\courses\cs500\backup\ivan\cs500-project4\cs500-project4\release\raytrace.res
c:\users\ivan\documents\courses\cs500\backup\ivan\cs500-project4\cs500-project4\release\raytrace.pdb
c:\users\ivan\documents\courses\cs500\backup\ivan\cs500-project4\cs500-project4\release\raytrace.exe
c:\users\ivan\documents\courses\cs500\backup\ivan\cs500-project4\cs500-project4\release\raytrace.tlog\cl.command.1.tlog
c:\users\ivan\documents\courses\cs500\backup\ivan\cs500-project4\cs500-project4\release\raytrace.tlog\cl.read.1.tlog
c:\users\ivan\documents\courses\cs500\backup\ivan\cs500-project4\cs500-project4\release\raytrace.tlog\cl.write.1.tlog
c:\users\ivan\documents\courses\cs500\backup\ivan\cs500-project4\cs500-project4\release\raytrace.tlog\link.command.1.tlog
c:\users\ivan\documents\courses\cs500\backup\ivan\cs500-project4\cs500-project4\release\raytrace.tlog\link.read.1.tlog
c:\users\ivan\documents\courses\cs500\backup\ivan\cs500-project4\cs500-project4\release\raytrace.tlog\link.read.4.tlog
c:\users\ivan\documents\courses\cs500\backup\ivan\cs500-project4\cs500-project4\release\raytrace.tlog\link.write.1.tlog
c:\users\ivan\documents\courses\cs500\backup\ivan\cs500-project4\cs500-project4\release\raytrace.tlog\raytrace.write.1u.tlog
c:\users\ivan\documents\courses\cs500\backup\ivan\cs500-project4\cs500-project4\release\raytrace.tlog\rc.command.1.tlog
c:\users\ivan\documents\courses\cs500\backup\ivan\cs500-project4\cs500-project4\release\raytrace.tlog\rc.read.1.tlog
c:\users\ivan\documents\courses\cs500\backup\ivan\cs500-project4\cs500-project4\release\raytrace.tlog\rc.write.1.tlog
